2025-03-08 01:16:42 WARN  TestNGContentHandler:133 - It is strongly recommended to add "<!DOCTYPE suite SYSTEM "https://testng.org/testng-1.0.dtd" >" at the top of the suite file [C:\Users\ASUS\eclipse-workspace\Opencart\grouping.xml] otherwise TestNG may fail or not work as expected.
2025-03-08 01:16:42 INFO  Utils:112 - [TestNG] Running:
  C:\Users\ASUS\eclipse-workspace\Opencart\grouping.xml

2025-03-08 01:21:16 WARN  TestNGContentHandler:133 - It is strongly recommended to add "<!DOCTYPE suite SYSTEM "https://testng.org/testng-1.0.dtd" >" at the top of the suite file [C:\Users\ASUS\eclipse-workspace\Opencart\master.xml] otherwise TestNG may fail or not work as expected.
2025-03-08 01:21:16 INFO  Utils:112 - [TestNG] Running:
  C:\Users\ASUS\eclipse-workspace\Opencart\master.xml

2025-03-08 01:22:27 WARN  TestNGContentHandler:133 - It is strongly recommended to add "<!DOCTYPE suite SYSTEM "https://testng.org/testng-1.0.dtd" >" at the top of the suite file [C:\Users\ASUS\eclipse-workspace\Opencart\master.xml] otherwise TestNG may fail or not work as expected.
2025-03-08 01:22:28 INFO  Utils:112 - [TestNG] Running:
  C:\Users\ASUS\eclipse-workspace\Opencart\master.xml

2025-03-08 01:23:42 WARN  TestNGContentHandler:133 - It is strongly recommended to add "<!DOCTYPE suite SYSTEM "https://testng.org/testng-1.0.dtd" >" at the top of the suite file [C:\Users\ASUS\eclipse-workspace\Opencart\master.xml] otherwise TestNG may fail or not work as expected.
2025-03-08 01:23:42 INFO  Utils:112 - [TestNG] Running:
  C:\Users\ASUS\eclipse-workspace\Opencart\master.xml

2025-03-08 01:26:05 WARN  TestNGContentHandler:133 - It is strongly recommended to add "<!DOCTYPE suite SYSTEM "https://testng.org/testng-1.0.dtd" >" at the top of the suite file [C:\Users\ASUS\eclipse-workspace\Opencart\master.xml] otherwise TestNG may fail or not work as expected.
2025-03-08 01:26:05 INFO  Utils:112 - [TestNG] Running:
  C:\Users\ASUS\eclipse-workspace\Opencart\master.xml

2025-03-08 01:27:50 WARN  TestNGContentHandler:133 - It is strongly recommended to add "<!DOCTYPE suite SYSTEM "https://testng.org/testng-1.0.dtd" >" at the top of the suite file [C:\Users\ASUS\eclipse-workspace\Opencart\master.xml] otherwise TestNG may fail or not work as expected.
2025-03-08 01:27:50 INFO  Utils:112 - [TestNG] Running:
  C:\Users\ASUS\eclipse-workspace\Opencart\master.xml

2025-03-08 01:30:17 WARN  TestNGContentHandler:133 - It is strongly recommended to add "<!DOCTYPE suite SYSTEM "https://testng.org/testng-1.0.dtd" >" at the top of the suite file [C:\Users\ASUS\eclipse-workspace\Opencart\master.xml] otherwise TestNG may fail or not work as expected.
2025-03-08 01:30:17 INFO  Utils:112 - [TestNG] Running:
  C:\Users\ASUS\eclipse-workspace\Opencart\master.xml

2025-03-08 01:32:02 WARN  TestNGContentHandler:133 - It is strongly recommended to add "<!DOCTYPE suite SYSTEM "https://testng.org/testng-1.0.dtd" >" at the top of the suite file [C:\Users\ASUS\eclipse-workspace\Opencart\grouping.xml] otherwise TestNG may fail or not work as expected.
2025-03-08 01:32:02 INFO  Utils:112 - [TestNG] Running:
  C:\Users\ASUS\eclipse-workspace\Opencart\grouping.xml

2025-03-08 01:38:41 WARN  TestNGContentHandler:133 - It is strongly recommended to add "<!DOCTYPE suite SYSTEM "https://testng.org/testng-1.0.dtd" >" at the top of the suite file [C:\Users\ASUS\eclipse-workspace\Opencart\master.xml] otherwise TestNG may fail or not work as expected.
2025-03-08 01:38:42 INFO  Utils:112 - [TestNG] Running:
  C:\Users\ASUS\eclipse-workspace\Opencart\master.xml

2025-03-08 01:38:45 INFO  TC_001_AccountRegistrationTest:15 - Strating TC_001_AccountRegistrationTest
2025-03-08 01:38:46 INFO  TC_001_AccountRegistrationTest:19 - Clicked on My Account 
2025-03-08 01:38:46 INFO  TC_001_AccountRegistrationTest:22 - Clicked on Register 
2025-03-08 01:38:46 INFO  TC_001_AccountRegistrationTest:27 - Provided First Name 
2025-03-08 01:38:46 INFO  TC_001_AccountRegistrationTest:30 - Provided Last Name 
2025-03-08 01:38:47 INFO  TC_001_AccountRegistrationTest:34 - Provided Email 
2025-03-08 01:38:47 INFO  TC_001_AccountRegistrationTest:37 - Provided Telephone 
2025-03-08 01:38:47 INFO  TC_001_AccountRegistrationTest:40 - Provided Password 
2025-03-08 01:38:47 INFO  TC_001_AccountRegistrationTest:43 - Provided Confrmed Password 
2025-03-08 01:38:47 INFO  TC_001_AccountRegistrationTest:46 - Set Privacy Policy 
2025-03-08 01:38:48 INFO  TC_001_AccountRegistrationTest:49 - Clicked on Continue 
2025-03-08 01:38:50 INFO  TC_001_AccountRegistrationTest:61 - Finished TC_001_AccountRegistrationtTest
2025-03-08 01:38:52 INFO  TC_002_LoginTest:17 - **** Starting TC_002_LoginTest  ****
2025-03-08 01:38:52 INFO  TC_002_LoginTest:24 - clicked on myaccount link on the home page..
2025-03-08 01:38:53 INFO  TC_002_LoginTest:26 - clicked on login link under myaccount..
2025-03-08 01:38:53 INFO  TC_002_LoginTest:30 - Entering valid email and password..
2025-03-08 01:38:54 INFO  TC_002_LoginTest:34 - clicked on ligin button..
2025-03-08 01:38:54 INFO  TC_002_LoginTest:48 - **** Finished TC_002_LoginTest  ****
2025-03-08 01:42:51 WARN  TestNGContentHandler:133 - It is strongly recommended to add "<!DOCTYPE suite SYSTEM "https://testng.org/testng-1.0.dtd" >" at the top of the suite file [C:\Users\ASUS\eclipse-workspace\Opencart\master.xml] otherwise TestNG may fail or not work as expected.
2025-03-08 01:42:51 INFO  Utils:112 - [TestNG] Running:
  C:\Users\ASUS\eclipse-workspace\Opencart\master.xml

2025-03-08 01:42:58 INFO  TC_001_AccountRegistrationTest:15 - Strating TC_001_AccountRegistrationTest
2025-03-08 01:42:58 INFO  TC_001_AccountRegistrationTest:19 - Clicked on My Account 
2025-03-08 01:42:59 INFO  TC_001_AccountRegistrationTest:22 - Clicked on Register 
2025-03-08 01:42:59 INFO  TC_001_AccountRegistrationTest:27 - Provided First Name 
2025-03-08 01:42:59 INFO  TC_001_AccountRegistrationTest:30 - Provided Last Name 
2025-03-08 01:42:59 INFO  TC_001_AccountRegistrationTest:34 - Provided Email 
2025-03-08 01:42:59 INFO  TC_001_AccountRegistrationTest:37 - Provided Telephone 
2025-03-08 01:42:59 INFO  TC_001_AccountRegistrationTest:40 - Provided Password 
2025-03-08 01:42:59 INFO  TC_001_AccountRegistrationTest:43 - Provided Confrmed Password 
2025-03-08 01:42:59 INFO  TC_001_AccountRegistrationTest:46 - Set Privacy Policy 
2025-03-08 01:43:00 INFO  TC_001_AccountRegistrationTest:49 - Clicked on Continue 
2025-03-08 01:43:02 INFO  TC_001_AccountRegistrationTest:61 - Finished TC_001_AccountRegistrationtTest
2025-03-08 01:43:05 INFO  TC_002_LoginTest:17 - **** Starting TC_002_LoginTest  ****
2025-03-08 01:43:05 INFO  TC_002_LoginTest:24 - clicked on myaccount link on the home page..
2025-03-08 01:43:06 INFO  TC_002_LoginTest:26 - clicked on login link under myaccount..
2025-03-08 01:43:06 INFO  TC_002_LoginTest:30 - Entering valid email and password..
2025-03-08 01:43:07 INFO  TC_002_LoginTest:34 - clicked on ligin button..
2025-03-08 01:43:07 INFO  TC_002_LoginTest:48 - **** Finished TC_002_LoginTest  ****
2025-03-08 01:43:55 WARN  TestNGContentHandler:133 - It is strongly recommended to add "<!DOCTYPE suite SYSTEM "https://testng.org/testng-1.0.dtd" >" at the top of the suite file [C:\Users\ASUS\eclipse-workspace\Opencart\master.xml] otherwise TestNG may fail or not work as expected.
2025-03-08 01:43:55 INFO  Utils:112 - [TestNG] Running:
  C:\Users\ASUS\eclipse-workspace\Opencart\master.xml

2025-03-08 01:43:59 INFO  TC_001_AccountRegistrationTest:15 - Strating TC_001_AccountRegistrationTest
2025-03-08 01:43:59 INFO  TC_001_AccountRegistrationTest:19 - Clicked on My Account 
2025-03-08 01:44:00 INFO  TC_001_AccountRegistrationTest:22 - Clicked on Register 
2025-03-08 01:44:00 INFO  TC_001_AccountRegistrationTest:27 - Provided First Name 
2025-03-08 01:44:00 INFO  TC_001_AccountRegistrationTest:30 - Provided Last Name 
2025-03-08 01:44:00 INFO  TC_001_AccountRegistrationTest:34 - Provided Email 
2025-03-08 01:44:00 INFO  TC_001_AccountRegistrationTest:37 - Provided Telephone 
2025-03-08 01:44:00 INFO  TC_001_AccountRegistrationTest:40 - Provided Password 
2025-03-08 01:44:01 INFO  TC_001_AccountRegistrationTest:43 - Provided Confrmed Password 
2025-03-08 01:44:01 INFO  TC_001_AccountRegistrationTest:46 - Set Privacy Policy 
2025-03-08 01:44:01 INFO  TC_001_AccountRegistrationTest:49 - Clicked on Continue 
2025-03-08 01:44:03 INFO  TC_001_AccountRegistrationTest:61 - Finished TC_001_AccountRegistrationtTest
2025-03-08 01:44:06 INFO  TC_002_LoginTest:17 - **** Starting TC_002_LoginTest  ****
2025-03-08 01:44:06 INFO  TC_002_LoginTest:24 - clicked on myaccount link on the home page..
2025-03-08 01:44:07 INFO  TC_002_LoginTest:26 - clicked on login link under myaccount..
2025-03-08 01:44:07 INFO  TC_002_LoginTest:30 - Entering valid email and password..
2025-03-08 01:44:08 INFO  TC_002_LoginTest:34 - clicked on ligin button..
2025-03-08 01:44:08 INFO  TC_002_LoginTest:48 - **** Finished TC_002_LoginTest  ****
2025-03-08 01:44:31 WARN  TestNGContentHandler:133 - It is strongly recommended to add "<!DOCTYPE suite SYSTEM "https://testng.org/testng-1.0.dtd" >" at the top of the suite file [C:\Users\ASUS\eclipse-workspace\Opencart\master.xml] otherwise TestNG may fail or not work as expected.
2025-03-08 01:44:31 INFO  Utils:112 - [TestNG] Running:
  C:\Users\ASUS\eclipse-workspace\Opencart\master.xml

2025-03-08 01:44:34 INFO  TC_001_AccountRegistrationTest:15 - Strating TC_001_AccountRegistrationTest
2025-03-08 01:44:34 INFO  TC_001_AccountRegistrationTest:19 - Clicked on My Account 
2025-03-08 01:44:35 INFO  TC_001_AccountRegistrationTest:22 - Clicked on Register 
2025-03-08 01:44:35 INFO  TC_001_AccountRegistrationTest:27 - Provided First Name 
2025-03-08 01:44:35 INFO  TC_001_AccountRegistrationTest:30 - Provided Last Name 
2025-03-08 01:44:35 INFO  TC_001_AccountRegistrationTest:34 - Provided Email 
2025-03-08 01:44:35 INFO  TC_001_AccountRegistrationTest:37 - Provided Telephone 
2025-03-08 01:44:35 INFO  TC_001_AccountRegistrationTest:40 - Provided Password 
2025-03-08 01:44:36 INFO  TC_001_AccountRegistrationTest:43 - Provided Confrmed Password 
2025-03-08 01:44:36 INFO  TC_001_AccountRegistrationTest:46 - Set Privacy Policy 
2025-03-08 01:44:37 INFO  TC_001_AccountRegistrationTest:49 - Clicked on Continue 
2025-03-08 01:44:39 INFO  TC_001_AccountRegistrationTest:61 - Finished TC_001_AccountRegistrationtTest
2025-03-08 01:44:41 INFO  TC_002_LoginTest:17 - **** Starting TC_002_LoginTest  ****
2025-03-08 01:44:42 INFO  TC_002_LoginTest:24 - clicked on myaccount link on the home page..
2025-03-08 01:44:42 INFO  TC_002_LoginTest:26 - clicked on login link under myaccount..
2025-03-08 01:44:42 INFO  TC_002_LoginTest:30 - Entering valid email and password..
2025-03-08 01:44:43 INFO  TC_002_LoginTest:34 - clicked on ligin button..
2025-03-08 01:44:43 INFO  TC_002_LoginTest:48 - **** Finished TC_002_LoginTest  ****
2025-03-08 13:53:06 INFO  Utils:112 - [Utils] MethodGroupsHelper.collectMethodsByGroup() took 0 ms.
2025-03-08 13:53:06 INFO  Utils:112 - [Utils] MethodGroupsHelper.sortMethods() took 1 ms.
2025-03-08 13:53:06 INFO  Utils:112 - [Utils] MethodGroupsHelper.collectMethodsByGroup() took 0 ms.
2025-03-08 13:53:06 INFO  Utils:112 - [Utils] MethodGroupsHelper.sortMethods() took 0 ms.
2025-03-08 13:53:06 INFO  Utils:112 - [Utils] MethodGroupsHelper.collectMethodsByGroup() took 0 ms.
2025-03-08 13:53:06 INFO  Utils:112 - [Utils] MethodGroupsHelper.sortMethods() took 0 ms.
2025-03-08 13:53:06 INFO  Utils:112 - [Utils] MethodGroupsHelper.collectMethodsByGroup() took 0 ms.
2025-03-08 13:53:06 INFO  Utils:112 - [Utils] MethodGroupsHelper.sortMethods() took 0 ms.
2025-03-08 13:53:06 INFO  Utils:112 - [Utils] MethodGroupsHelper.collectMethodsByGroup() took 3 ms.
2025-03-08 13:53:06 INFO  Utils:112 - [Utils] MethodGroupsHelper.sortMethods() took 11 ms.
2025-03-08 13:53:06 INFO  Utils:112 - [Utils] MethodGroupsHelper.collectMethodsByGroup() took 0 ms.
2025-03-08 13:53:06 INFO  Utils:112 - [Utils] MethodGroupsHelper.sortMethods() took 0 ms.
2025-03-08 13:53:06 INFO  Utils:112 - [Utils] MethodGroupsHelper.collectMethodsByGroup() took 0 ms.
2025-03-08 13:53:06 INFO  Utils:112 - [Utils] MethodGroupsHelper.sortMethods() took 0 ms.
2025-03-08 13:53:06 INFO  Utils:112 - [Utils] MethodGroupsHelper.collectMethodsByGroup() took 0 ms.
2025-03-08 13:53:06 INFO  Utils:112 - [Utils] MethodGroupsHelper.sortMethods() took 0 ms.
2025-03-08 13:53:06 INFO  Utils:112 - [Utils] MethodGroupsHelper.collectMethodsByGroup() took 0 ms.
2025-03-08 13:53:06 INFO  Utils:112 - [Utils] MethodGroupsHelper.sortMethods() took 0 ms.
2025-03-08 13:53:06 INFO  Utils:112 - [Utils] MethodGroupsHelper.collectMethodsByGroup() took 0 ms.
2025-03-08 13:53:06 INFO  Utils:112 - [Utils] MethodGroupsHelper.sortMethods() took 0 ms.
2025-03-08 13:53:06 INFO  Utils:112 - [Utils] MethodGroupsHelper.collectMethodsByGroup() took 0 ms.
2025-03-08 13:53:06 INFO  Utils:112 - [Utils] MethodGroupsHelper.sortMethods() took 0 ms.
2025-03-08 13:53:06 INFO  Utils:112 - [Utils] MethodGroupsHelper.collectMethodsByGroup() took 0 ms.
2025-03-08 13:53:07 INFO  Utils:112 - [Utils] MethodGroupsHelper.sortMethods() took 0 ms.
2025-03-08 13:53:07 INFO  Utils:112 - [Utils] MethodGroupsHelper.collectMethodsByGroup() took 0 ms.
2025-03-08 13:53:07 INFO  Utils:112 - [Utils] MethodGroupsHelper.sortMethods() took 0 ms.
2025-03-08 13:53:07 INFO  Utils:112 - [Utils] MethodGroupsHelper.collectMethodsByGroup() took 0 ms.
2025-03-08 13:53:07 INFO  Utils:112 - [Utils] MethodGroupsHelper.sortMethods() took 0 ms.
2025-03-08 13:53:07 INFO  Utils:112 - [Utils] MethodGroupsHelper.collectMethodsByGroup() took 0 ms.
2025-03-08 13:53:07 INFO  Utils:112 - [Utils] MethodGroupsHelper.sortMethods() took 0 ms.
2025-03-08 13:53:07 INFO  Utils:112 - [TestNG] Running:
  C:\Users\ASUS\AppData\Local\Temp\testng-eclipse--2029543281\testng-customsuite.xml

2025-03-08 13:53:07 INFO  Utils:112 - [Utils] DynamicGraphHelper.createDynamicGraph() took 6 ms.
2025-03-08 13:53:07 INFO  Utils:112 - [TestNG] Time taken by org.testng.reporters.SuiteHTMLReporter@158d255c: 33 ms
2025-03-08 13:53:07 INFO  Utils:112 - [TestNG] Time taken by org.testng.reporters.jq.Main@31c269fd: 74 ms
2025-03-08 13:53:07 INFO  Utils:112 - [TestNG] Time taken by org.testng.reporters.FailedReporter@49a64d82: 14 ms
2025-03-08 13:53:07 INFO  Utils:112 - [TestNG] Time taken by org.testng.reporters.XMLReporter@37d3d232: 17 ms
2025-03-08 13:53:07 INFO  Utils:112 - [TestNG] Time taken by org.testng.reporters.EmailableReporter2@21680803: 12 ms
2025-03-08 13:53:07 INFO  Utils:112 - [TestNG] Time taken by org.testng.reporters.JUnitReportReporter@c074c0c: 9 ms
2025-03-08 13:53:07 INFO  Utils:112 - [TestNG] Time taken by org.testng.internal.ExitCodeListener@58a55449: 0 ms
2025-03-08 13:53:27 WARN  TestNGContentHandler:133 - It is strongly recommended to add "<!DOCTYPE suite SYSTEM "https://testng.org/testng-1.0.dtd" >" at the top of the suite file [C:\Users\ASUS\eclipse-workspace\Opencart\master.xml] otherwise TestNG may fail or not work as expected.
2025-03-08 13:53:27 INFO  Utils:112 - [TestNG] Running:
  C:\Users\ASUS\eclipse-workspace\Opencart\master.xml

2025-03-08 13:53:53 WARN  TestNGContentHandler:133 - It is strongly recommended to add "<!DOCTYPE suite SYSTEM "https://testng.org/testng-1.0.dtd" >" at the top of the suite file [C:\Users\ASUS\eclipse-workspace\Opencart\master.xml] otherwise TestNG may fail or not work as expected.
2025-03-08 13:53:53 INFO  Utils:112 - [TestNG] Running:
  C:\Users\ASUS\eclipse-workspace\Opencart\master.xml

2025-03-08 13:54:31 WARN  TestNGContentHandler:133 - It is strongly recommended to add "<!DOCTYPE suite SYSTEM "https://testng.org/testng-1.0.dtd" >" at the top of the suite file [C:\Users\ASUS\eclipse-workspace\Opencart\master.xml] otherwise TestNG may fail or not work as expected.
2025-03-08 13:54:31 INFO  Utils:112 - [TestNG] Running:
  C:\Users\ASUS\eclipse-workspace\Opencart\master.xml

2025-03-08 13:54:38 INFO  TC_001_AccountRegistrationTest:15 - Strating TC_001_AccountRegistrationTest
2025-03-08 13:54:38 INFO  TC_001_AccountRegistrationTest:19 - Clicked on My Account 
2025-03-08 13:54:39 INFO  TC_001_AccountRegistrationTest:22 - Clicked on Register 
2025-03-08 13:54:39 INFO  TC_001_AccountRegistrationTest:27 - Provided First Name 
2025-03-08 13:54:39 INFO  TC_001_AccountRegistrationTest:30 - Provided Last Name 
2025-03-08 13:54:39 INFO  TC_001_AccountRegistrationTest:34 - Provided Email 
2025-03-08 13:54:39 INFO  TC_001_AccountRegistrationTest:37 - Provided Telephone 
2025-03-08 13:54:39 INFO  TC_001_AccountRegistrationTest:40 - Provided Password 
2025-03-08 13:54:40 INFO  TC_001_AccountRegistrationTest:43 - Provided Confrmed Password 
2025-03-08 13:54:40 INFO  TC_001_AccountRegistrationTest:46 - Set Privacy Policy 
2025-03-08 13:54:41 INFO  TC_001_AccountRegistrationTest:49 - Clicked on Continue 
2025-03-08 13:54:43 INFO  TC_001_AccountRegistrationTest:61 - Finished TC_001_AccountRegistrationtTest
2025-03-08 13:54:46 INFO  TC_002_LoginTest:17 - **** Starting TC_002_LoginTest  ****
2025-03-08 13:54:46 INFO  TC_002_LoginTest:24 - clicked on myaccount link on the home page..
2025-03-08 13:54:47 INFO  TC_002_LoginTest:26 - clicked on login link under myaccount..
2025-03-08 13:54:47 INFO  TC_002_LoginTest:30 - Entering valid email and password..
2025-03-08 13:54:48 INFO  TC_002_LoginTest:34 - clicked on ligin button..
2025-03-08 13:54:48 INFO  TC_002_LoginTest:48 - **** Finished TC_002_LoginTest  ****
2025-03-08 13:56:31 INFO  TC_002_LoginTest:17 - **** Starting TC_002_LoginTest  ****
2025-03-08 13:56:31 INFO  TC_002_LoginTest:24 - clicked on myaccount link on the home page..
2025-03-08 13:56:32 INFO  TC_002_LoginTest:26 - clicked on login link under myaccount..
2025-03-08 13:56:32 INFO  TC_002_LoginTest:30 - Entering valid email and password..
2025-03-08 13:56:33 INFO  TC_002_LoginTest:34 - clicked on ligin button..
2025-03-08 13:56:33 INFO  TC_002_LoginTest:48 - **** Finished TC_002_LoginTest  ****
2025-03-08 13:56:58 INFO  TC_002_LoginTest:17 - **** Starting TC_002_LoginTest  ****
2025-03-08 13:56:58 INFO  TC_002_LoginTest:24 - clicked on myaccount link on the home page..
2025-03-08 13:56:58 INFO  TC_002_LoginTest:26 - clicked on login link under myaccount..
2025-03-08 13:56:58 INFO  TC_002_LoginTest:30 - Entering valid email and password..
2025-03-08 13:56:59 INFO  TC_002_LoginTest:34 - clicked on ligin button..
2025-03-08 13:56:59 INFO  TC_002_LoginTest:48 - **** Finished TC_002_LoginTest  ****
2025-03-08 14:00:31 WARN  TestNGContentHandler:133 - It is strongly recommended to add "<!DOCTYPE suite SYSTEM "https://testng.org/testng-1.0.dtd" >" at the top of the suite file [C:\Users\ASUS\eclipse-workspace\Opencart\grid-docker.xml] otherwise TestNG may fail or not work as expected.
2025-03-08 14:01:19 WARN  TestNGContentHandler:133 - It is strongly recommended to add "<!DOCTYPE suite SYSTEM "https://testng.org/testng-1.0.dtd" >" at the top of the suite file [C:\Users\ASUS\eclipse-workspace\Opencart\grid-docker.xml] otherwise TestNG may fail or not work as expected.
2025-03-08 14:01:48 WARN  TestNGContentHandler:133 - It is strongly recommended to add "<!DOCTYPE suite SYSTEM "https://testng.org/testng-1.0.dtd" >" at the top of the suite file [C:\Users\ASUS\eclipse-workspace\Opencart\grid-docker.xml] otherwise TestNG may fail or not work as expected.
2025-03-08 14:01:49 INFO  Utils:112 - [TestNG] Running:
  C:\Users\ASUS\eclipse-workspace\Opencart\grid-docker.xml

2025-03-08 14:01:52 INFO  TC_001_AccountRegistrationTest:15 - Strating TC_001_AccountRegistrationTest
2025-03-08 14:01:53 INFO  TC_001_AccountRegistrationTest:19 - Clicked on My Account 
2025-03-08 14:01:53 INFO  TC_001_AccountRegistrationTest:22 - Clicked on Register 
2025-03-08 14:01:53 INFO  TC_001_AccountRegistrationTest:27 - Provided First Name 
2025-03-08 14:01:53 INFO  TC_001_AccountRegistrationTest:30 - Provided Last Name 
2025-03-08 14:01:53 INFO  TC_001_AccountRegistrationTest:34 - Provided Email 
2025-03-08 14:01:54 INFO  TC_001_AccountRegistrationTest:37 - Provided Telephone 
2025-03-08 14:01:54 INFO  TC_001_AccountRegistrationTest:40 - Provided Password 
2025-03-08 14:01:54 INFO  TC_001_AccountRegistrationTest:43 - Provided Confrmed Password 
2025-03-08 14:01:54 INFO  TC_001_AccountRegistrationTest:46 - Set Privacy Policy 
2025-03-08 14:01:55 INFO  TC_001_AccountRegistrationTest:49 - Clicked on Continue 
2025-03-08 14:01:57 INFO  TC_001_AccountRegistrationTest:61 - Finished TC_001_AccountRegistrationtTest
2025-03-08 14:02:00 INFO  TC_002_LoginTest:17 - **** Starting TC_002_LoginTest  ****
2025-03-08 14:02:00 INFO  TC_002_LoginTest:24 - clicked on myaccount link on the home page..
2025-03-08 14:02:01 INFO  TC_002_LoginTest:26 - clicked on login link under myaccount..
2025-03-08 14:02:01 INFO  TC_002_LoginTest:30 - Entering valid email and password..
2025-03-08 14:02:02 INFO  TC_002_LoginTest:34 - clicked on ligin button..
2025-03-08 14:02:02 INFO  TC_002_LoginTest:48 - **** Finished TC_002_LoginTest  ****
2025-03-08 14:02:11 INFO  TC_001_AccountRegistrationTest:15 - Strating TC_001_AccountRegistrationTest
2025-03-08 14:02:12 INFO  TC_001_AccountRegistrationTest:19 - Clicked on My Account 
2025-03-08 14:02:12 INFO  TC_001_AccountRegistrationTest:22 - Clicked on Register 
2025-03-08 14:02:13 INFO  TC_001_AccountRegistrationTest:27 - Provided First Name 
2025-03-08 14:02:13 INFO  TC_001_AccountRegistrationTest:30 - Provided Last Name 
2025-03-08 14:02:13 INFO  TC_001_AccountRegistrationTest:34 - Provided Email 
2025-03-08 14:02:13 INFO  TC_001_AccountRegistrationTest:37 - Provided Telephone 
2025-03-08 14:02:13 INFO  TC_001_AccountRegistrationTest:40 - Provided Password 
2025-03-08 14:02:13 INFO  TC_001_AccountRegistrationTest:43 - Provided Confrmed Password 
2025-03-08 14:02:13 INFO  TC_001_AccountRegistrationTest:46 - Set Privacy Policy 
2025-03-08 14:02:14 INFO  TC_001_AccountRegistrationTest:49 - Clicked on Continue 
2025-03-08 14:02:16 INFO  TC_001_AccountRegistrationTest:61 - Finished TC_001_AccountRegistrationtTest
2025-03-08 14:02:25 INFO  TC_002_LoginTest:17 - **** Starting TC_002_LoginTest  ****
2025-03-08 14:02:25 INFO  TC_002_LoginTest:24 - clicked on myaccount link on the home page..
2025-03-08 14:02:26 INFO  TC_002_LoginTest:26 - clicked on login link under myaccount..
2025-03-08 14:02:26 INFO  TC_002_LoginTest:30 - Entering valid email and password..
2025-03-08 14:02:27 INFO  TC_002_LoginTest:34 - clicked on ligin button..
2025-03-08 14:02:27 INFO  TC_002_LoginTest:48 - **** Finished TC_002_LoginTest  ****
2025-03-08 14:06:11 WARN  TestNGContentHandler:133 - It is strongly recommended to add "<!DOCTYPE suite SYSTEM "https://testng.org/testng-1.0.dtd" >" at the top of the suite file [C:\Users\ASUS\eclipse-workspace\Opencart\grid-docker.xml] otherwise TestNG may fail or not work as expected.
2025-03-08 14:06:11 INFO  Utils:112 - [TestNG] Running:
  C:\Users\ASUS\eclipse-workspace\Opencart\grid-docker.xml

2025-03-08 14:06:15 INFO  TC_001_AccountRegistrationTest:15 - Strating TC_001_AccountRegistrationTest
2025-03-08 14:06:16 INFO  TC_001_AccountRegistrationTest:19 - Clicked on My Account 
2025-03-08 14:06:16 INFO  TC_001_AccountRegistrationTest:22 - Clicked on Register 
2025-03-08 14:06:17 INFO  TC_001_AccountRegistrationTest:27 - Provided First Name 
2025-03-08 14:06:17 INFO  TC_001_AccountRegistrationTest:30 - Provided Last Name 
2025-03-08 14:06:17 INFO  TC_001_AccountRegistrationTest:34 - Provided Email 
2025-03-08 14:06:17 INFO  TC_001_AccountRegistrationTest:37 - Provided Telephone 
2025-03-08 14:06:17 INFO  TC_001_AccountRegistrationTest:40 - Provided Password 
2025-03-08 14:06:17 INFO  TC_001_AccountRegistrationTest:43 - Provided Confrmed Password 
2025-03-08 14:06:17 INFO  TC_001_AccountRegistrationTest:46 - Set Privacy Policy 
2025-03-08 14:06:18 INFO  TC_001_AccountRegistrationTest:49 - Clicked on Continue 
2025-03-08 14:06:20 INFO  TC_001_AccountRegistrationTest:61 - Finished TC_001_AccountRegistrationtTest
2025-03-08 14:06:23 INFO  TC_002_LoginTest:17 - **** Starting TC_002_LoginTest  ****
2025-03-08 14:06:24 INFO  TC_002_LoginTest:24 - clicked on myaccount link on the home page..
2025-03-08 14:06:24 INFO  TC_002_LoginTest:26 - clicked on login link under myaccount..
2025-03-08 14:06:24 INFO  TC_002_LoginTest:30 - Entering valid email and password..
2025-03-08 14:06:25 INFO  TC_002_LoginTest:34 - clicked on ligin button..
2025-03-08 14:06:25 INFO  TC_002_LoginTest:48 - **** Finished TC_002_LoginTest  ****
2025-03-08 14:06:34 INFO  TC_001_AccountRegistrationTest:15 - Strating TC_001_AccountRegistrationTest
2025-03-08 14:06:34 INFO  TC_001_AccountRegistrationTest:19 - Clicked on My Account 
2025-03-08 14:06:35 INFO  TC_001_AccountRegistrationTest:22 - Clicked on Register 
2025-03-08 14:06:35 INFO  TC_001_AccountRegistrationTest:27 - Provided First Name 
2025-03-08 14:06:35 INFO  TC_001_AccountRegistrationTest:30 - Provided Last Name 
2025-03-08 14:06:35 INFO  TC_001_AccountRegistrationTest:34 - Provided Email 
2025-03-08 14:06:35 INFO  TC_001_AccountRegistrationTest:37 - Provided Telephone 
2025-03-08 14:06:35 INFO  TC_001_AccountRegistrationTest:40 - Provided Password 
2025-03-08 14:06:35 INFO  TC_001_AccountRegistrationTest:43 - Provided Confrmed Password 
2025-03-08 14:06:35 INFO  TC_001_AccountRegistrationTest:46 - Set Privacy Policy 
2025-03-08 14:06:36 INFO  TC_001_AccountRegistrationTest:49 - Clicked on Continue 
2025-03-08 14:06:38 INFO  TC_001_AccountRegistrationTest:61 - Finished TC_001_AccountRegistrationtTest
2025-03-08 14:06:46 INFO  TC_002_LoginTest:17 - **** Starting TC_002_LoginTest  ****
2025-03-08 14:06:47 INFO  TC_002_LoginTest:24 - clicked on myaccount link on the home page..
2025-03-08 14:06:47 INFO  TC_002_LoginTest:26 - clicked on login link under myaccount..
2025-03-08 14:06:47 INFO  TC_002_LoginTest:30 - Entering valid email and password..
2025-03-08 14:06:48 INFO  TC_002_LoginTest:34 - clicked on ligin button..
2025-03-08 14:06:48 INFO  TC_002_LoginTest:48 - **** Finished TC_002_LoginTest  ****
2025-03-08 14:10:12 WARN  TestNGContentHandler:133 - It is strongly recommended to add "<!DOCTYPE suite SYSTEM "https://testng.org/testng-1.0.dtd" >" at the top of the suite file [C:\Users\ASUS\eclipse-workspace\Opencart\grid-docker.xml] otherwise TestNG may fail or not work as expected.
2025-03-08 14:10:13 INFO  Utils:112 - [TestNG] Running:
  C:\Users\ASUS\eclipse-workspace\Opencart\grid-docker.xml

2025-03-08 14:10:16 INFO  TC_001_AccountRegistrationTest:15 - Strating TC_001_AccountRegistrationTest
2025-03-08 14:10:17 INFO  TC_001_AccountRegistrationTest:19 - Clicked on My Account 
2025-03-08 14:10:17 INFO  TC_001_AccountRegistrationTest:22 - Clicked on Register 
2025-03-08 14:10:17 INFO  TC_001_AccountRegistrationTest:27 - Provided First Name 
2025-03-08 14:10:17 INFO  TC_001_AccountRegistrationTest:30 - Provided Last Name 
2025-03-08 14:10:18 INFO  TC_001_AccountRegistrationTest:34 - Provided Email 
2025-03-08 14:10:18 INFO  TC_001_AccountRegistrationTest:37 - Provided Telephone 
2025-03-08 14:10:18 INFO  TC_001_AccountRegistrationTest:40 - Provided Password 
2025-03-08 14:10:18 INFO  TC_001_AccountRegistrationTest:43 - Provided Confrmed Password 
2025-03-08 14:10:18 INFO  TC_001_AccountRegistrationTest:46 - Set Privacy Policy 
2025-03-08 14:10:19 INFO  TC_001_AccountRegistrationTest:49 - Clicked on Continue 
2025-03-08 14:10:21 INFO  TC_001_AccountRegistrationTest:61 - Finished TC_001_AccountRegistrationtTest
2025-03-08 14:10:24 INFO  TC_002_LoginTest:17 - **** Starting TC_002_LoginTest  ****
2025-03-08 14:10:25 INFO  TC_002_LoginTest:24 - clicked on myaccount link on the home page..
2025-03-08 14:10:25 INFO  TC_002_LoginTest:26 - clicked on login link under myaccount..
2025-03-08 14:10:25 INFO  TC_002_LoginTest:30 - Entering valid email and password..
2025-03-08 14:10:26 INFO  TC_002_LoginTest:34 - clicked on ligin button..
2025-03-08 14:10:26 INFO  TC_002_LoginTest:48 - **** Finished TC_002_LoginTest  ****
2025-03-08 14:10:35 INFO  TC_001_AccountRegistrationTest:15 - Strating TC_001_AccountRegistrationTest
2025-03-08 14:10:36 INFO  TC_001_AccountRegistrationTest:19 - Clicked on My Account 
2025-03-08 14:10:36 INFO  TC_001_AccountRegistrationTest:22 - Clicked on Register 
2025-03-08 14:10:36 INFO  TC_001_AccountRegistrationTest:27 - Provided First Name 
2025-03-08 14:10:36 INFO  TC_001_AccountRegistrationTest:30 - Provided Last Name 
2025-03-08 14:10:36 INFO  TC_001_AccountRegistrationTest:34 - Provided Email 
2025-03-08 14:10:37 INFO  TC_001_AccountRegistrationTest:37 - Provided Telephone 
2025-03-08 14:10:37 INFO  TC_001_AccountRegistrationTest:40 - Provided Password 
2025-03-08 14:10:37 INFO  TC_001_AccountRegistrationTest:43 - Provided Confrmed Password 
2025-03-08 14:10:37 INFO  TC_001_AccountRegistrationTest:46 - Set Privacy Policy 
2025-03-08 14:10:38 INFO  TC_001_AccountRegistrationTest:49 - Clicked on Continue 
2025-03-08 14:10:40 INFO  TC_001_AccountRegistrationTest:61 - Finished TC_001_AccountRegistrationtTest
2025-03-08 14:10:48 INFO  TC_002_LoginTest:17 - **** Starting TC_002_LoginTest  ****
2025-03-08 14:10:48 INFO  TC_002_LoginTest:24 - clicked on myaccount link on the home page..
2025-03-08 14:10:49 INFO  TC_002_LoginTest:26 - clicked on login link under myaccount..
2025-03-08 14:10:49 INFO  TC_002_LoginTest:30 - Entering valid email and password..
2025-03-08 14:10:50 INFO  TC_002_LoginTest:34 - clicked on ligin button..
2025-03-08 14:10:50 INFO  TC_002_LoginTest:48 - **** Finished TC_002_LoginTest  ****
2025-03-08 14:22:05 WARN  TestNGContentHandler:133 - It is strongly recommended to add "<!DOCTYPE suite SYSTEM "https://testng.org/testng-1.0.dtd" >" at the top of the suite file [C:\Users\ASUS\eclipse-workspace\Opencart\grid-docker.xml] otherwise TestNG may fail or not work as expected.
2025-03-08 14:22:06 INFO  Utils:112 - [TestNG] Running:
  C:\Users\ASUS\eclipse-workspace\Opencart\grid-docker.xml

2025-03-08 14:22:09 INFO  TC_001_AccountRegistrationTest:15 - Strating TC_001_AccountRegistrationTest
2025-03-08 14:22:10 INFO  TC_001_AccountRegistrationTest:19 - Clicked on My Account 
2025-03-08 14:22:10 INFO  TC_001_AccountRegistrationTest:22 - Clicked on Register 
2025-03-08 14:22:10 INFO  TC_001_AccountRegistrationTest:27 - Provided First Name 
2025-03-08 14:22:11 INFO  TC_001_AccountRegistrationTest:30 - Provided Last Name 
2025-03-08 14:22:11 INFO  TC_001_AccountRegistrationTest:34 - Provided Email 
2025-03-08 14:22:11 INFO  TC_001_AccountRegistrationTest:37 - Provided Telephone 
2025-03-08 14:22:11 INFO  TC_001_AccountRegistrationTest:40 - Provided Password 
2025-03-08 14:22:11 INFO  TC_001_AccountRegistrationTest:43 - Provided Confrmed Password 
2025-03-08 14:22:11 INFO  TC_001_AccountRegistrationTest:46 - Set Privacy Policy 
2025-03-08 14:22:12 INFO  TC_001_AccountRegistrationTest:49 - Clicked on Continue 
2025-03-08 14:22:14 INFO  TC_001_AccountRegistrationTest:61 - Finished TC_001_AccountRegistrationtTest
2025-03-08 14:22:17 INFO  TC_002_LoginTest:17 - **** Starting TC_002_LoginTest  ****
2025-03-08 14:22:18 INFO  TC_002_LoginTest:24 - clicked on myaccount link on the home page..
2025-03-08 14:22:18 INFO  TC_002_LoginTest:26 - clicked on login link under myaccount..
2025-03-08 14:22:18 INFO  TC_002_LoginTest:30 - Entering valid email and password..
2025-03-08 14:22:19 INFO  TC_002_LoginTest:34 - clicked on ligin button..
2025-03-08 14:22:19 INFO  TC_002_LoginTest:48 - **** Finished TC_002_LoginTest  ****
2025-03-08 14:22:28 INFO  TC_001_AccountRegistrationTest:15 - Strating TC_001_AccountRegistrationTest
2025-03-08 14:22:28 INFO  TC_001_AccountRegistrationTest:19 - Clicked on My Account 
2025-03-08 14:22:29 INFO  TC_001_AccountRegistrationTest:22 - Clicked on Register 
2025-03-08 14:22:29 INFO  TC_001_AccountRegistrationTest:27 - Provided First Name 
2025-03-08 14:22:29 INFO  TC_001_AccountRegistrationTest:30 - Provided Last Name 
2025-03-08 14:22:29 INFO  TC_001_AccountRegistrationTest:34 - Provided Email 
2025-03-08 14:22:29 INFO  TC_001_AccountRegistrationTest:37 - Provided Telephone 
2025-03-08 14:22:29 INFO  TC_001_AccountRegistrationTest:40 - Provided Password 
2025-03-08 14:22:29 INFO  TC_001_AccountRegistrationTest:43 - Provided Confrmed Password 
2025-03-08 14:22:29 INFO  TC_001_AccountRegistrationTest:46 - Set Privacy Policy 
2025-03-08 14:22:30 INFO  TC_001_AccountRegistrationTest:49 - Clicked on Continue 
2025-03-08 14:22:32 INFO  TC_001_AccountRegistrationTest:61 - Finished TC_001_AccountRegistrationtTest
2025-03-08 14:22:40 INFO  TC_002_LoginTest:17 - **** Starting TC_002_LoginTest  ****
2025-03-08 14:22:40 INFO  TC_002_LoginTest:24 - clicked on myaccount link on the home page..
2025-03-08 14:22:40 INFO  TC_002_LoginTest:26 - clicked on login link under myaccount..
2025-03-08 14:22:40 INFO  TC_002_LoginTest:30 - Entering valid email and password..
2025-03-08 14:22:41 INFO  TC_002_LoginTest:34 - clicked on ligin button..
2025-03-08 14:22:41 INFO  TC_002_LoginTest:48 - **** Finished TC_002_LoginTest  ****
2025-03-08 16:02:00 WARN  TestNGContentHandler:133 - It is strongly recommended to add "<!DOCTYPE suite SYSTEM "https://testng.org/testng-1.0.dtd" >" at the top of the suite file [C:\Users\ASUS\eclipse-workspace\Opencart\master.xml] otherwise TestNG may fail or not work as expected.
2025-03-08 16:02:10 INFO  TC_001_AccountRegistrationTest:15 - Strating TC_001_AccountRegistrationTest
2025-03-08 16:02:11 INFO  TC_001_AccountRegistrationTest:19 - Clicked on My Account 
2025-03-08 16:02:12 INFO  TC_001_AccountRegistrationTest:22 - Clicked on Register 
2025-03-08 16:02:12 INFO  TC_001_AccountRegistrationTest:27 - Provided First Name 
2025-03-08 16:02:12 INFO  TC_001_AccountRegistrationTest:30 - Provided Last Name 
2025-03-08 16:02:12 INFO  TC_001_AccountRegistrationTest:34 - Provided Email 
2025-03-08 16:02:13 INFO  TC_001_AccountRegistrationTest:37 - Provided Telephone 
2025-03-08 16:02:13 INFO  TC_001_AccountRegistrationTest:40 - Provided Password 
2025-03-08 16:02:13 INFO  TC_001_AccountRegistrationTest:43 - Provided Confrmed Password 
2025-03-08 16:02:13 INFO  TC_001_AccountRegistrationTest:46 - Set Privacy Policy 
2025-03-08 16:02:14 INFO  TC_001_AccountRegistrationTest:49 - Clicked on Continue 
2025-03-08 16:02:16 INFO  TC_001_AccountRegistrationTest:61 - Finished TC_001_AccountRegistrationtTest
2025-03-08 16:02:19 INFO  TC_002_LoginTest:17 - **** Starting TC_002_LoginTest  ****
2025-03-08 16:02:20 INFO  TC_002_LoginTest:24 - clicked on myaccount link on the home page..
2025-03-08 16:02:20 INFO  TC_002_LoginTest:26 - clicked on login link under myaccount..
2025-03-08 16:02:20 INFO  TC_002_LoginTest:30 - Entering valid email and password..
2025-03-08 16:02:21 INFO  TC_002_LoginTest:34 - clicked on ligin button..
2025-03-08 16:02:21 INFO  TC_002_LoginTest:48 - **** Finished TC_002_LoginTest  ****
2025-03-08 16:19:53 WARN  TestNGContentHandler:133 - It is strongly recommended to add "<!DOCTYPE suite SYSTEM "https://testng.org/testng-1.0.dtd" >" at the top of the suite file [C:\Users\ASUS\eclipse-workspace\Opencart\master.xml] otherwise TestNG may fail or not work as expected.
2025-03-08 16:19:57 INFO  TC_001_AccountRegistrationTest:15 - Strating TC_001_AccountRegistrationTest
2025-03-08 16:19:57 INFO  TC_001_AccountRegistrationTest:19 - Clicked on My Account 
2025-03-08 16:19:58 INFO  TC_001_AccountRegistrationTest:22 - Clicked on Register 
2025-03-08 16:19:58 INFO  TC_001_AccountRegistrationTest:27 - Provided First Name 
2025-03-08 16:19:58 INFO  TC_001_AccountRegistrationTest:30 - Provided Last Name 
2025-03-08 16:19:58 INFO  TC_001_AccountRegistrationTest:34 - Provided Email 
2025-03-08 16:19:58 INFO  TC_001_AccountRegistrationTest:37 - Provided Telephone 
2025-03-08 16:19:58 INFO  TC_001_AccountRegistrationTest:40 - Provided Password 
2025-03-08 16:19:58 INFO  TC_001_AccountRegistrationTest:43 - Provided Confrmed Password 
2025-03-08 16:19:58 INFO  TC_001_AccountRegistrationTest:46 - Set Privacy Policy 
2025-03-08 16:19:59 INFO  TC_001_AccountRegistrationTest:49 - Clicked on Continue 
2025-03-08 16:20:01 INFO  TC_001_AccountRegistrationTest:61 - Finished TC_001_AccountRegistrationtTest
2025-03-08 16:20:04 INFO  TC_002_LoginTest:17 - **** Starting TC_002_LoginTest  ****
2025-03-08 16:20:05 INFO  TC_002_LoginTest:24 - clicked on myaccount link on the home page..
2025-03-08 16:20:06 INFO  TC_002_LoginTest:26 - clicked on login link under myaccount..
2025-03-08 16:20:06 INFO  TC_002_LoginTest:30 - Entering valid email and password..
2025-03-08 16:20:07 INFO  TC_002_LoginTest:34 - clicked on ligin button..
2025-03-08 16:20:07 INFO  TC_002_LoginTest:48 - **** Finished TC_002_LoginTest  ****
2025-03-08 16:40:15 WARN  TestNGContentHandler:133 - It is strongly recommended to add "<!DOCTYPE suite SYSTEM "https://testng.org/testng-1.0.dtd" >" at the top of the suite file [C:\Users\ASUS\eclipse-workspace\Opencart\master.xml] otherwise TestNG may fail or not work as expected.
2025-03-08 16:40:19 INFO  TC_001_AccountRegistrationTest:15 - Strating TC_001_AccountRegistrationTest
2025-03-08 16:40:20 INFO  TC_001_AccountRegistrationTest:19 - Clicked on My Account 
2025-03-08 16:40:20 INFO  TC_001_AccountRegistrationTest:22 - Clicked on Register 
2025-03-08 16:40:20 INFO  TC_001_AccountRegistrationTest:27 - Provided First Name 
2025-03-08 16:40:20 INFO  TC_001_AccountRegistrationTest:30 - Provided Last Name 
2025-03-08 16:40:20 INFO  TC_001_AccountRegistrationTest:34 - Provided Email 
2025-03-08 16:40:20 INFO  TC_001_AccountRegistrationTest:37 - Provided Telephone 
2025-03-08 16:40:20 INFO  TC_001_AccountRegistrationTest:40 - Provided Password 
2025-03-08 16:40:20 INFO  TC_001_AccountRegistrationTest:43 - Provided Confrmed Password 
2025-03-08 16:40:20 INFO  TC_001_AccountRegistrationTest:46 - Set Privacy Policy 
2025-03-08 16:40:21 INFO  TC_001_AccountRegistrationTest:49 - Clicked on Continue 
2025-03-08 16:40:23 INFO  TC_001_AccountRegistrationTest:61 - Finished TC_001_AccountRegistrationtTest
2025-03-08 16:40:26 INFO  TC_002_LoginTest:17 - **** Starting TC_002_LoginTest  ****
2025-03-08 16:40:26 INFO  TC_002_LoginTest:24 - clicked on myaccount link on the home page..
2025-03-08 16:40:26 INFO  TC_002_LoginTest:26 - clicked on login link under myaccount..
2025-03-08 16:40:26 INFO  TC_002_LoginTest:30 - Entering valid email and password..
2025-03-08 16:40:27 INFO  TC_002_LoginTest:34 - clicked on ligin button..
2025-03-08 16:40:27 INFO  TC_002_LoginTest:48 - **** Finished TC_002_LoginTest  ****
